[31.05.2018] [17:20:25] ERROR [JavaFX Application Thread] shoreline.GUI.Controller.NewPatternWindowController (LoggedInWindowController.java:141) - error while Clicking Handle Existing Pattern in LoggedInWindow: javafx.fxml.LoadException: 
file:/C:/Users/dell/Documents/NetBeansProjects/Shorline---MagicMatress/dist/run1897537146/Shoreline.jar!/shoreline/GUI/View/AddSPWindow.fxml
javafx.fxml.LoadException: 
file:/C:/Users/dell/Documents/NetBeansProjects/Shorline---MagicMatress/dist/run1897537146/Shoreline.jar!/shoreline/GUI/View/AddSPWindow.fxml

[31.05.2018] [17:21:03] ERROR [JavaFX Application Thread] shoreline.GUI.Controller.NewPatternWindowController (LoggedInWindowController.java:141) - error while Clicking Handle Existing Pattern in LoggedInWindow: javafx.fxml.LoadException: 
file:/C:/Users/dell/Documents/NetBeansProjects/Shorline---MagicMatress/dist/run1897537146/Shoreline.jar!/shoreline/GUI/View/AddSPWindow.fxml
javafx.fxml.LoadException: 
file:/C:/Users/dell/Documents/NetBeansProjects/Shorline---MagicMatress/dist/run1897537146/Shoreline.jar!/shoreline/GUI/View/AddSPWindow.fxml

[31.05.2018] [17:22:26] ERROR [JavaFX Application Thread] shoreline.GUI.Controller.NewPatternWindowController (LoggedInWindowController.java:141) - error while Clicking Handle Existing Pattern in LoggedInWindow: javafx.fxml.LoadException: 
file:/C:/Users/dell/Documents/NetBeansProjects/Shorline---MagicMatress/dist/run414820716/Shoreline.jar!/shoreline/GUI/View/AddSPWindow.fxml
javafx.fxml.LoadException: 
file:/C:/Users/dell/Documents/NetBeansProjects/Shorline---MagicMatress/dist/run414820716/Shoreline.jar!/shoreline/GUI/View/AddSPWindow.fxml

[31.05.2018] [17:26:13] ERROR [JavaFX Application Thread] shoreline.GUI.Controller.NewPatternWindowController (NewPatternWindowController.java:138) - error while choosing file: java.lang.NullPointerExceptionjava.lang.NullPointerException
[31.05.2018] [17:26:37] ERROR [JavaFX Application Thread] shoreline.GUI.Controller.NewPatternWindowController (LoggedInWindowController.java:141) - error while Clicking Handle Existing Pattern in LoggedInWindow: javafx.fxml.LoadException: 
file:/C:/Users/dell/Documents/NetBeansProjects/Shorline---MagicMatress/dist/run627389861/Shoreline.jar!/shoreline/GUI/View/AddSPWindow.fxml
javafx.fxml.LoadException: 
file:/C:/Users/dell/Documents/NetBeansProjects/Shorline---MagicMatress/dist/run627389861/Shoreline.jar!/shoreline/GUI/View/AddSPWindow.fxml

[31.05.2018] [17:27:14] ERROR [Thread-6] shoreline.GUI.Controller.NewPatternWindowController (NewPatternWindowController.java:294) - error while savingTask: java.lang.NullPointerExceptionjava.lang.NullPointerException
[31.05.2018] [17:28:41] ERROR [JavaFX Application Thread] shoreline.GUI.Controller.NewPatternWindowController (LoggedInWindowController.java:141) - error while Clicking Handle Existing Pattern in LoggedInWindow: javafx.fxml.LoadException: 
file:/C:/Users/dell/Documents/NetBeansProjects/Shorline---MagicMatress/dist/run1322871162/Shoreline.jar!/shoreline/GUI/View/AddSPWindow.fxml
javafx.fxml.LoadException: 
file:/C:/Users/dell/Documents/NetBeansProjects/Shorline---MagicMatress/dist/run1322871162/Shoreline.jar!/shoreline/GUI/View/AddSPWindow.fxml

[31.05.2018] [17:39:03] ERROR [JavaFX Application Thread] shoreline.GUI.Controller.NewPatternWindowController (LoggedInWindowController.java:141) - error while Clicking Handle Existing Pattern in LoggedInWindow: javafx.fxml.LoadException: 
file:/C:/Users/dell/Documents/NetBeansProjects/Shorline---MagicMatress/dist/run1074254296/Shoreline.jar!/shoreline/GUI/View/AddSPWindow.fxml
javafx.fxml.LoadException: 
file:/C:/Users/dell/Documents/NetBeansProjects/Shorline---MagicMatress/dist/run1074254296/Shoreline.jar!/shoreline/GUI/View/AddSPWindow.fxml

